<?xml version="1.0" encoding="UTF-8"?>
<testsuite xmlns:xsi="http://www.w3.org/2001/XMLSchema-instance" xsi:noNamespaceSchemaLocation="https://maven.apache.org/surefire/maven-surefire-plugin/xsd/surefire-test-report-3.0.xsd" version="3.0" name="test_biestable.RunCucumberTest" time="0.397" tests="4" errors="0" skipped="0" failures="0">
  <properties>
[...]
</properties>
  <testcase name="abrirRojoOk" classname="Test Rojo" time="0.172">
    <system-out><![CDATA[
@test_rojo @test_abrir
Scenario: abrirRojoOk                &amp#27;[90m# test_biestable/rojo.feature:7&amp#27;[0m
  &amp#27;[32mGiven &amp#27;[0m&amp#27;[32mel biestable en estado rojo&amp#27;[0m  &amp#27;[90m# test_biestable.StepDefinitions.el_biestable_en_estado_rojo()&amp#27;[0m
  &amp#27;[32mWhen &amp#27;[0m&amp#27;[32mselecciono abrir&amp#27;[0m              &amp#27;[90m# test_biestable.StepDefinitions.selecciono_abrir()&amp#27;[0m
  &amp#27;[32mThen &amp#27;[0m&amp#27;[32mse modifica el estado a verde&amp#27;[0m &amp#27;[90m# test_biestable.StepDefinitions.se_modifica_el_estado_a_verde()&amp#27;[0m
]]></system-out>
  </testcase>
  <testcase name="cerrarRojoOk" classname="Test Rojo" time="0.013">
    <system-out><![CDATA[
@test_rojo @test_cerrar
Scenario: cerrarRojoOk            &amp#27;[90m# test_biestable/rojo.feature:13&amp#27;[0m
  &amp#27;[32mGiven &amp#27;[0m&amp#27;[32mel biestable esta en rojo&amp#27;[0m &amp#27;[90m# test_biestable.StepDefinitions.el_biestable_esta_en_rojo()&amp#27;[0m
  &amp#27;[32mWhen &amp#27;[0m&amp#27;[32mslecciono cerrar&amp#27;[0m           &amp#27;[90m# test_biestable.StepDefinitions.slecciono_cerrar()&amp#27;[0m
  &amp#27;[32mThen &amp#27;[0m&amp#27;[32mel estado no se modifica&amp#27;[0m   &amp#27;[90m# test_biestable.StepDefinitions.el_estado_no_se_modifica()&amp#27;[0m
]]></system-out>
  </testcase>
  <testcase name="abrirVerdeOk" classname="Test Verde" time="0.01">
    <system-out><![CDATA[
@test_verde @test_abrir
Scenario: abrirVerdeOk               &amp#27;[90m# test_biestable/verde.feature:7&amp#27;[0m
  &amp#27;[32mGiven &amp#27;[0m&amp#27;[32mel biestable en estado Verde&amp#27;[0m &amp#27;[90m# test_biestable.StepDefinitions.el_biestable_en_estado_verde()&amp#27;[0m
  &amp#27;[32mWhen &amp#27;[0m&amp#27;[32mquiero seleccionar abrir&amp#27;[0m      &amp#27;[90m# test_biestable.StepDefinitions.quiero_seleccionar_abrir()&amp#27;[0m
  &amp#27;[32mThen &amp#27;[0m&amp#27;[32mno se modifica el estado&amp#27;[0m      &amp#27;[90m# test_biestable.StepDefinitions.no_se_modifica_el_estado()&amp#27;[0m
]]></system-out>
  </testcase>
  <testcase name="cerrarVerdeOk" classname="Test Verde" time="0.012">
    <system-out><![CDATA[
@test_verde @test_cerrar
Scenario: cerrarVerdeOk             &amp#27;[90m# test_biestable/verde.feature:13&amp#27;[0m
  &amp#27;[32mGiven &amp#27;[0m&amp#27;[32mel biestable esta en Verde&amp#27;[0m  &amp#27;[90m# test_biestable.StepDefinitions.el_biestable_esta_en_verde()&amp#27;[0m
  &amp#27;[32mWhen &amp#27;[0m&amp#27;[32mquiero seleccionar cerrar&amp#27;[0m    &amp#27;[90m# test_biestable.StepDefinitions.quiero_seleccionar_cerrar()&amp#27;[0m
  &amp#27;[32mThen &amp#27;[0m&amp#27;[32mse modifica el estado a rojo&amp#27;[0m &amp#27;[90m# test_biestable.StepDefinitions.se_modifica_el_estado_a_rojo()&amp#27;[0m
]]></system-out>
  </testcase>
</testsuite>